[debug] [2025-04-05T21:23:58.027Z] ----------------------------------------------------------------------
[debug] [2025-04-05T21:23:58.029Z] Command:       C:\Program Files\nodejs\node.exe C:\Users\Scott\AppData\Roaming\npm\node_modules\firebase-tools\lib\bin\firebase.js init
[debug] [2025-04-05T21:23:58.030Z] CLI Version:   14.1.0
[debug] [2025-04-05T21:23:58.030Z] Platform:      win32
[debug] [2025-04-05T21:23:58.030Z] Node Version:  v22.14.0
[debug] [2025-04-05T21:23:58.030Z] Time:          Sat Apr 05 2025 15:23:58 GMT-0600 (GMT-06:00)
[debug] [2025-04-05T21:23:58.030Z] ----------------------------------------------------------------------
[debug] 
[debug] [2025-04-05T21:23:58.034Z] > command requires scopes: ["email","openid","https://www.googleapis.com/auth/cloudplatformprojects.readonly","https://www.googleapis.com/auth/firebase","https://www.googleapis.com/auth/cloud-platform"]
[debug] [2025-04-05T21:23:58.035Z] > authorizing via signed-in user (lesc0901@gmail.com)
[info] 
     ######## #### ########  ######## ########     ###     ######  ########
     ##        ##  ##     ## ##       ##     ##  ##   ##  ##       ##
     ######    ##  ########  ######   ########  #########  ######  ######
     ##        ##  ##    ##  ##       ##     ## ##     ##       ## ##
     ##       #### ##     ## ######## ########  ##     ##  ######  ########

You're about to initialize a Firebase project in this directory:

  C:\Users\Scott\Desktop\ScottOS_Live

[info] 
=== Project Setup
[info] 
[info] First, let's associate this project directory with a Firebase project.
[info] You can create multiple project aliases by running firebase use --add, 
[info] but for now we'll just set up a default project.
[info] 
[debug] [2025-04-05T21:24:23.683Z] Checked if tokens are valid: true, expires at: 1743890529361
[debug] [2025-04-05T21:24:23.683Z] Checked if tokens are valid: true, expires at: 1743890529361
[debug] [2025-04-05T21:24:23.684Z] >>> [apiv2][query] GET https://firebase.googleapis.com/v1beta1/projects pageSize=100
[debug] [2025-04-05T21:24:23.955Z] <<< [apiv2][status] GET https://firebase.googleapis.com/v1beta1/projects 200
[debug] [2025-04-05T21:24:23.955Z] <<< [apiv2][body] GET https://firebase.googleapis.com/v1beta1/projects [omitted]
[info] i  Using project lifeenhance-v2-0 (LifeEnhance v2-0) 
[info] 
=== Hosting Setup
[debug] [2025-04-05T21:24:31.748Z] Checked if tokens are valid: true, expires at: 1743890529361
[debug] [2025-04-05T21:24:31.748Z] Checked if tokens are valid: true, expires at: 1743890529361
[debug] [2025-04-05T21:24:31.748Z] >>> [apiv2][query] GET https://firebase.googleapis.com/v1beta1/projects/lifeenhance-v2-0 [none]
[debug] [2025-04-05T21:24:31.921Z] <<< [apiv2][status] GET https://firebase.googleapis.com/v1beta1/projects/lifeenhance-v2-0 200
[debug] [2025-04-05T21:24:31.921Z] <<< [apiv2][body] GET https://firebase.googleapis.com/v1beta1/projects/lifeenhance-v2-0 {"projectId":"lifeenhance-v2-0","projectNumber":"412910933099","displayName":"LifeEnhance v2-0","name":"projects/lifeenhance-v2-0","resources":{"hostingSite":"lifeenhance-v2-0"},"state":"ACTIVE","etag":"1_d600587c-cfdc-4621-8c35-3a7c45817709"}
[info] 
[info] Your public directory is the folder (relative to your project directory) that
[info] will contain Hosting assets to be uploaded with firebase deploy. If you
[info] have a build process for your assets, use your build's output directory.
[info] 
[info] +  Wrote ./404.html 
[debug] [2025-04-05T21:24:45.402Z] >>> [apiv2][query] GET https://www.gstatic.com/firebasejs/releases.json [none]
[debug] [2025-04-05T21:24:45.549Z] <<< [apiv2][status] GET https://www.gstatic.com/firebasejs/releases.json 200
[debug] [2025-04-05T21:24:45.549Z] <<< [apiv2][body] GET https://www.gstatic.com/firebasejs/releases.json {"current":{"version":"11.6.0","browserURL":"https://www.gstatic.com/firebasejs/11.6.0/firebase.js","packageURL":"https://www.gstatic.com/firebasejs/11.6.0/firebase.tgz"},"live":{"version":"11.6","browserURL":"https://www.gstatic.com/firebasejs/live/11.6/firebase.js","packageURL":"https://www.gstatic.com/firebasejs/live/11.6/firebase.tgz"},"components":{"analytics":"https://www.gstatic.com/firebasejs/11.6.0/firebase-analytics.js","app":"https://www.gstatic.com/firebasejs/11.6.0/firebase-app.js","app-check":"https://www.gstatic.com/firebasejs/11.6.0/firebase-app-check.js","auth":"https://www.gstatic.com/firebasejs/11.6.0/firebase-auth.js","auth/cordova":"https://www.gstatic.com/firebasejs/11.6.0/firebase-auth/cordova.js","auth/web-extension":"https://www.gstatic.com/firebasejs/11.6.0/firebase-auth/web-extension.js","functions":"https://www.gstatic.com/firebasejs/11.6.0/firebase-functions.js","firestore":"https://www.gstatic.com/firebasejs/11.6.0/firebase-firestore.js","firestore/lite":"https://www.gstatic.com/firebasejs/11.6.0/firebase-firestore/lite.js","installations":"https://www.gstatic.com/firebasejs/11.6.0/firebase-installations.js","storage":"https://www.gstatic.com/firebasejs/11.6.0/firebase-storage.js","performance":"https://www.gstatic.com/firebasejs/11.6.0/firebase-performance.js","remote-config":"https://www.gstatic.com/firebasejs/11.6.0/firebase-remote-config.js","messaging":"https://www.gstatic.com/firebasejs/11.6.0/firebase-messaging.js","messaging/sw":"https://www.gstatic.com/firebasejs/11.6.0/firebase-messaging/sw.js","database":"https://www.gstatic.com/firebasejs/11.6.0/firebase-database.js","vertexai":"https://www.gstatic.com/firebasejs/11.6.0/firebase-vertexai.js","data-connect":"https://www.gstatic.com/firebasejs/11.6.0/firebase-data-connect.js","firestore.memory":"https://www.gstatic.com/firebasejs/11.6.0/firebase-firestore.memory.js"}}
[info] +  Wrote ./index.html 
[info] 
[info] i  Didn't detect a .git folder. Assuming C:\Users\Scott\Desktop\ScottOS_Live is the project root. 
[info] i  Authorizing with GitHub to upload your service account to a GitHub repository's secrets store. 
[info] 
[info] Visit this URL on this device to log in:
[info] https://github.com/login/oauth/authorize?client_id=89cf50f02ac6aaed3484&state=88183226&redirect_uri=http%3A%2F%2Flocalhost%3A9005&scope=read%3Auser%20repo%20public_repo
[info] 
[info] Waiting for authentication...
